0 info it worked if it ends with ok
1 verbose cli [ '/usr/bin/node', '/usr/bin/npm', 'run', 'scss' ]
2 info using npm@3.5.2
3 info using node@v8.10.0
4 verbose run-script [ 'prescss', 'scss', 'postscss' ]
5 info lifecycle bittineuvos@0.1.0~prescss: bittineuvos@0.1.0
6 silly lifecycle bittineuvos@0.1.0~prescss: no script for prescss, continuing
7 info lifecycle bittineuvos@0.1.0~scss: bittineuvos@0.1.0
8 verbose lifecycle bittineuvos@0.1.0~scss: unsafe-perm in lifecycle true
9 verbose lifecycle bittineuvos@0.1.0~scss: PATH: /usr/share/npm/bin/node-gyp-bin:/mnt/c/ojube-git/Bittineuvos/node_modules/.bin:/usr/local/sbin:/usr/local/bin:/usr/sbin:/usr/bin:/sbin:/bin:/usr/games:/usr/local/games:/mnt/c/ProgramData/DockerDesktop/version-bin:/mnt/c/Program Files/Docker/Docker/Resources/bin:/mnt/c/Program Files (x86)/Common Files/Oracle/Java/javapath:/mnt/c/Windows/system32:/mnt/c/Windows:/mnt/c/Windows/System32/Wbem:/mnt/c/Windows/System32/WindowsPowerShell/v1.0/:/mnt/c/Windows/System32/OpenSSH/:/mnt/c/Program Files/nodejs/:/mnt/c/Program Files/Git/cmd:/mnt/c/Program Files (x86)/NVIDIA Corporation/PhysX/Common:/mnt/c/Program Files (x86)/Yarn/bin/:/mnt/c/Program Files/dotnet/:/mnt/c/WINDOWS/system32:/mnt/c/WINDOWS:/mnt/c/WINDOWS/System32/Wbem:/mnt/c/WINDOWS/System32/WindowsPowerShell/v1.0/:/mnt/c/WINDOWS/System32/OpenSSH/:/mnt/c/Program Files/SourceGear/Common/DiffMerge/:/mnt/c/Users/Muumipeikko/AppData/Local/Microsoft/WindowsApps:/mnt/c/Users/Muumipeikko/AppData/Local/Programs/Microsoft VS Code/bin:/mnt/c/Users/Muumipeikko/AppData/Roaming/npm:/mnt/c/Program Files/Android/Android Studio/gradle/gradle-4.10.1/bin:/mnt/c/Users/Muumipeikko/AppData/Local/Android/Sdk/tools:/mnt/c/Users/Muumipeikko/AppData/Local/Android/Sdk/platform-tools:/mnt/c/Users/Muumipeikko/AppData/Local/Android/Sdk/tools/bin:/mnt/c/Users/Muumipeikko/AppData/Local/Yarn/bin:/snap/bin
10 verbose lifecycle bittineuvos@0.1.0~scss: CWD: /mnt/c/ojube-git/Bittineuvos
11 silly lifecycle bittineuvos@0.1.0~scss: Args: [ '-c', 'node-sass --watch ./src/scss -o ./src/css' ]
12 silly lifecycle bittineuvos@0.1.0~scss: Returned: code: 1  signal: null
13 info lifecycle bittineuvos@0.1.0~scss: Failed to exec scss script
14 verbose stack Error: bittineuvos@0.1.0 scss: `node-sass --watch ./src/scss -o ./src/css`
14 verbose stack Exit status 1
14 verbose stack     at EventEmitter.<anonymous> (/usr/share/npm/lib/utils/lifecycle.js:232:16)
14 verbose stack     at emitTwo (events.js:126:13)
14 verbose stack     at EventEmitter.emit (events.js:214:7)
14 verbose stack     at ChildProcess.<anonymous> (/usr/share/npm/lib/utils/spawn.js:24:14)
14 verbose stack     at emitTwo (events.js:126:13)
14 verbose stack     at ChildProcess.emit (events.js:214:7)
14 verbose stack     at maybeClose (internal/child_process.js:925:16)
14 verbose stack     at Process.ChildProcess._handle.onexit (internal/child_process.js:209:5)
15 verbose pkgid bittineuvos@0.1.0
16 verbose cwd /mnt/c/ojube-git/Bittineuvos
17 error Linux 4.4.0-18362-Microsoft
18 error argv "/usr/bin/node" "/usr/bin/npm" "run" "scss"
19 error node v8.10.0
20 error npm  v3.5.2
21 error code ELIFECYCLE
22 error bittineuvos@0.1.0 scss: `node-sass --watch ./src/scss -o ./src/css`
22 error Exit status 1
23 error Failed at the bittineuvos@0.1.0 scss script 'node-sass --watch ./src/scss -o ./src/css'.
23 error Make sure you have the latest version of node.js and npm installed.
23 error If you do, this is most likely a problem with the bittineuvos package,
23 error not with npm itself.
23 error Tell the author that this fails on your system:
23 error     node-sass --watch ./src/scss -o ./src/css
23 error You can get information on how to open an issue for this project with:
23 error     npm bugs bittineuvos
23 error Or if that isn't available, you can get their info via:
23 error     npm owner ls bittineuvos
23 error There is likely additional logging output above.
24 verbose exit [ 1, true ]
